 [1] R version 4.1.0 (2021-05-18)                                                                        
 [2] Platform: x86_64-apple-darwin17.0 (64-bit)                                                          
 [3] Running under: macOS Big Sur 11.2.2                                                                 
 [4]                                                                                                     
 [5] Matrix products: default                                                                            
 [6] LAPACK: /Library/Frameworks/R.framework/Versions/4.1/Resources/lib/libRlapack.dylib                 
 [7]                                                                                                     
 [8] locale:                                                                                             
 [9] [1] en_AU.UTF-8/en_AU.UTF-8/en_AU.UTF-8/C/en_AU.UTF-8/en_AU.UTF-8                                   
[10]                                                                                                     
[11] attached base packages:                                                                             
[12] [1] stats     graphics  grDevices utils     datasets  methods   base                                
[13]                                                                                                     
[14] other attached packages:                                                                            
[15]  [1] boa_1.1.8-2    numbers_0.8-2  xlsx_0.6.5     plotrix_3.8-1  geiger_2.0.7   phangorn_2.7.1      
[16]  [7] corHMM_2.7     GenSA_1.1.7    nloptr_1.2.2.2 ape_5.5                                           
[17]                                                                                                     
[18] loaded via a namespace (and not attached):                                                          
[19]  [1] deSolve_1.28            subplex_1.6             rJava_1.0-4             lattice_0.20-44        
[20]  [5] phytools_0.7-80         colorspace_2.0-2        vctrs_0.3.8             expm_0.999-6           
[21]  [9] viridisLite_0.4.0       gmp_0.6-2               utf8_1.2.2              rlang_0.4.11           
[22] [13] pillar_1.6.1            glue_1.4.2              Rmpfr_0.8-4             lifecycle_1.0.0        
[23] [17] munsell_0.5.0           combinat_0.0-8          gtable_0.3.0            mvtnorm_1.1-2          
[24] [21] codetools_0.2-18        coda_0.19-4             parallel_4.1.0          xlsxjars_0.6.1         
[25] [25] fansi_0.5.0             Rcpp_1.0.7              corpcor_1.6.9           scales_1.1.1           
[26] [29] clusterGeneration_1.3.7 scatterplot3d_0.3-41    tmvnsim_1.0-2           gridExtra_2.3          
[27] [33] fastmatch_1.1-3         mnormt_2.0.2            ggplot2_3.3.5           digest_0.6.27          
[28] [37] numDeriv_2016.8-1.1     grid_4.1.0              quadprog_1.5-8          tools_4.1.0            
[29] [41] magrittr_2.0.1          maps_3.3.0              tibble_3.1.3            crayon_1.4.1           
[30] [45] pkgconfig_2.0.3         MASS_7.3-54             ellipsis_0.3.2          Matrix_1.3-3           
[31] [49] viridis_0.6.1           R6_2.5.0                nnet_7.3-16             igraph_1.2.6           
[32] [53] nlme_3.1-152            compiler_4.1.0                                                         


     [,1]                       [,2]                                       
[1,] Tree file                  tree_298.tre                               
[2,] Data file                  proteus_trait_clustering_n25.csv           
[3,] Character names file       proteus_trait_clustering_n25_characters.csv
[4,] Clade definition file      CladeDefinitions_DiveRS.csv                
[5,] Nr of taxa in tree         298                                        
[6,] Nr of taxa in matrix       313                                        
[7,] Nr of characters in matrix 2                                          
[8,] Nr of clades to map        5                                          




****************************************************************************************************

Analyzing character: AndrewClustering_n2

This character has 2 states: 1, 2

Performing maximum parsimony ASR using ancestral.pars (character AndrewClustering_n2)...

Parsimony score: 58 steps

Ancestral states for key nodes
  Node             1   2  
1 Angiospermae     0.5 0.5
2 Mesangiospermae  0.0 1.0
3 Magnoliidae      0.0 1.0
4 Monocotyledoneae 0.0 1.0
5 Eudicotyledoneae 0.0 1.0

Summary: most parsimonious state(s) at key nodes
  Node             MP state(s)
1 Angiospermae     1 / 2      
2 Mesangiospermae    2        
3 Magnoliidae        2        
4 Monocotyledoneae   2        
5 Eudicotyledoneae   2        

ASR plot output to ./ASR_DiveRS_clustering_2021-11-26_13-08/TreesByCharacter/ASR_DiveRS_clustering_charAndrewClustering_n2_fantree_MP.pdf


ASR plot output to ./ASR_DiveRS_clustering_2021-11-26_13-08/TreesByCharacter/ASR_DiveRS_clustering_charAndrewClustering_n2_fulltree_MP.pdf

Performing maximum likelihood ASR (using rayDISC) with model ARD (character AndrewClustering_n2)...

State distribution in data:
States:	0	1	
Counts:	76	222	
Initializing... 
Finished. Beginning thorough search... 
Finished. Inferring ancestral states using marginal reconstruction. 

Fit
     -lnL      AIC     AICc ntax
 -162.184 328.3681 328.4088  298

Rates
           0           1
0         NA 0.005510035
1 0.00397763          NA

Arrived at a reliable solution 

Ancestral states for key nodes
  Node             1      2     
1 Angiospermae     0.0106 0.9894
2 Mesangiospermae  0.0001 0.9999
3 Magnoliidae      0.0006 0.9994
4 Monocotyledoneae 0.0005 0.9995
5 Eudicotyledoneae 0.0001 0.9999

Summary: most likely state at key nodes
  Node             ML state Prob  
1 Angiospermae     2        0.9894
2 Mesangiospermae  2        0.9999
3 Magnoliidae      2        0.9994
4 Monocotyledoneae 2        0.9995
5 Eudicotyledoneae 2        0.9999


Performing maximum likelihood ASR (using rayDISC) with model ARDeq (character AndrewClustering_n2)...

State distribution in data:
States:	0	1	
Counts:	76	222	
Initializing... 
Finished. Beginning thorough search... 
Finished. Inferring ancestral states using marginal reconstruction. 

Fit
      -lnL      AIC     AICc ntax
 -161.5119 327.0238 327.0645  298

Rates
            0           1
0          NA 0.005468919
1 0.003972031          NA

Arrived at a reliable solution 

Ancestral states for key nodes
  Node             1     2     
1 Angiospermae     1e-04 0.9999
2 Mesangiospermae  0e+00 1.0000
3 Magnoliidae      5e-04 0.9995
4 Monocotyledoneae 4e-04 0.9996
5 Eudicotyledoneae 1e-04 0.9999

Summary: most likely state at key nodes
  Node             ML state Prob  
1 Angiospermae     2        0.9999
2 Mesangiospermae  2          1   
3 Magnoliidae      2        0.9995
4 Monocotyledoneae 2        0.9996
5 Eudicotyledoneae 2        0.9999


Performing maximum likelihood ASR (using rayDISC) with model ER (character AndrewClustering_n2)...

State distribution in data:
States:	0	1	
Counts:	76	222	
Initializing... 
Finished. Beginning thorough search... 
Finished. Inferring ancestral states using marginal reconstruction. 

Fit
      -lnL      AIC     AICc ntax
 -162.4251 326.8502 326.8637  298

Rates
            0           1
0          NA 0.003836528
1 0.003836528          NA

Arrived at a reliable solution 

Ancestral states for key nodes
  Node             1     2     
1 Angiospermae     6e-03 0.9940
2 Mesangiospermae  0e+00 1.0000
3 Magnoliidae      1e-04 0.9999
4 Monocotyledoneae 1e-04 0.9999
5 Eudicotyledoneae 0e+00 1.0000

Summary: most likely state at key nodes
  Node             ML state Prob  
1 Angiospermae     2        0.994 
2 Mesangiospermae  2          1   
3 Magnoliidae      2        0.9999
4 Monocotyledoneae 2        0.9999
5 Eudicotyledoneae 2          1   


Performing maximum likelihood ASR (using rayDISC) with model UNI01 (character AndrewClustering_n2)...

Rate matrix
   1  2
1 NA  1
2 NA NA

State distribution in data:
States:	0	1	
Counts:	76	222	
Initializing... 
Finished. Beginning thorough search... 
Finished. Inferring ancestral states using marginal reconstruction. 

Fit
     -lnL      AIC     AICc ntax
 -174.843 351.6859 351.6994  298

Rates
   0          1
0 NA 0.01251175
1 NA         NA

Arrived at a reliable solution 

Ancestral states for key nodes
  Node             1 2
1 Angiospermae     1 0
2 Mesangiospermae  1 0
3 Magnoliidae      1 0
4 Monocotyledoneae 1 0
5 Eudicotyledoneae 1 0

Summary: most likely state at key nodes
  Node             ML state Prob
1 Angiospermae     1        1   
2 Mesangiospermae  1        1   
3 Magnoliidae      1        1   
4 Monocotyledoneae 1        1   
5 Eudicotyledoneae 1        1   


Performing maximum likelihood ASR (using rayDISC) with model UNI10 (character AndrewClustering_n2)...

Rate matrix
   1  2
1 NA NA
2  1 NA

State distribution in data:
States:	0	1	
Counts:	76	222	
Initializing... 
Finished. Beginning thorough search... 
Finished. Inferring ancestral states using marginal reconstruction. 

Fit
      -lnL      AIC    AICc ntax
 -164.9597 331.9195 331.933  298

Rates
            0  1
0          NA NA
1 0.003477385 NA

Arrived at a reliable solution 

Ancestral states for key nodes
  Node             1 2
1 Angiospermae     0 1
2 Mesangiospermae  0 1
3 Magnoliidae      0 1
4 Monocotyledoneae 0 1
5 Eudicotyledoneae 0 1

Summary: most likely state at key nodes
  Node             ML state Prob
1 Angiospermae     2        1   
2 Mesangiospermae  2        1   
3 Magnoliidae      2        1   
4 Monocotyledoneae 2        1   
5 Eudicotyledoneae 2        1   


Summary table of model comparison
        Model LogL    Npar AIC    AICc   DeltaAICc w    q01    q10   
rates   ARD   -162.18 2    328.37 328.41  1.55     0.19 0.0055 0.0040
rates.1 ARDeq -161.51 2    327.02 327.06  0.20     0.37 0.0055 0.0040
rates.2 ER*   -162.43 1    326.85 326.86  0.00     0.41 0.0038 0.0038
rates.3 UNI01 -174.84 1    351.69 351.70 24.84     0.00 0.0125     NA
rates.4 UNI10 -164.96 1    331.92 331.93  5.07     0.03     NA 0.0035

The best standard model found by AICc is ER

Most likely states at key nodes for best standard model (ER)
  Node             ML state Prob  
1 Angiospermae     2        0.994 
2 Mesangiospermae  2          1   
3 Magnoliidae      2        0.9999
4 Monocotyledoneae 2        0.9999
5 Eudicotyledoneae 2          1   

ASR plot output to ./ASR_DiveRS_clustering_2021-11-26_13-08/TreesByCharacter/ASR_DiveRS_clustering_charAndrewClustering_n2_fantree_ML.pdf


ASR plot output to ./ASR_DiveRS_clustering_2021-11-26_13-08/TreesByCharacter/ASR_DiveRS_clustering_charAndrewClustering_n2_fulltree_ML.pdf


SUMMARY: reconstructed ancestral states for this character

  Character           Node             MP state(s) ML state Prob  
1                                                                 
2 AndrewClustering_n2                                             
3 AndrewClustering_n2                                             
4                     Angiospermae     1 / 2       2        0.994 
5                     Mesangiospermae    2         2          1   
6                     Magnoliidae        2         2        0.9999
7                     Monocotyledoneae   2         2        0.9999
8                     Eudicotyledoneae   2         2          1   



****************************************************************************************************

Analyzing character: AndrewClustering_n5

This character has 5 states: 1, 2,  3,  4,  5

Performing maximum parsimony ASR using ancestral.pars (character AndrewClustering_n5)...

Parsimony score: 149 steps

Ancestral states for key nodes
  Node             1    2       3  4      5    
1 Angiospermae     0.25 0.2500 0  0.2500 0.2500
2 Mesangiospermae  0.00 0.3333 0  0.3333 0.3333
3 Magnoliidae      0.00 0.0000 0  0.5000 0.5000
4 Monocotyledoneae 0.00 0.3333 0  0.3333 0.3333
5 Eudicotyledoneae 0.00 0.5000 0  0.0000 0.5000

Summary: most parsimonious state(s) at key nodes
  Node             MP state(s)    
1 Angiospermae     1 / 2 /  4 /  5
2 Mesangiospermae    2 /  4 /  5  
3 Magnoliidae           4 /  5    
4 Monocotyledoneae   2 /  4 /  5  
5 Eudicotyledoneae     2 /  5     

ASR plot output to ./ASR_DiveRS_clustering_2021-11-26_13-08/TreesByCharacter/ASR_DiveRS_clustering_charAndrewClustering_n5_fantree_MP.pdf


ASR plot output to ./ASR_DiveRS_clustering_2021-11-26_13-08/TreesByCharacter/ASR_DiveRS_clustering_charAndrewClustering_n5_fulltree_MP.pdf

Performing maximum likelihood ASR (using rayDISC) with model ARD (character AndrewClustering_n5)...

State distribution in data:
States:	0	1	2	3	4	
Counts:	65	65	51	34	83	
Initializing... 
Finished. Beginning thorough search... 
Finished. Inferring ancestral states using marginal reconstruction. 

Fit
      -lnL      AIC     AICc ntax
 -467.8804 975.7608 978.7932  298

Rates
          0        1         2            3   4
0        NA 99.99352 100.00000 6.137680e+00 100
1  76.58476       NA 100.00000 4.310958e-09 100
2  84.26201 44.21832        NA 1.000000e+02 100
3 100.00000 60.47697 100.00000           NA 100
4  87.02437 86.34914   4.25128 8.141187e+01  NA

Arrived at a reliable solution 

Ancestral states for key nodes
  Node             1      2       3      4      5    
1 Angiospermae     0.2000 0.2000 0.2000 0.2000 0.2000
2 Mesangiospermae  0.2181 0.2181 0.1711 0.1141 0.2785
3 Magnoliidae      0.2181 0.2181 0.1711 0.1141 0.2785
4 Monocotyledoneae 0.2181 0.2181 0.1711 0.1141 0.2785
5 Eudicotyledoneae 0.2181 0.2181 0.1711 0.1141 0.2785

Summary: most likely state at key nodes
  Node             ML state Prob  
1 Angiospermae     1         0.2  
2 Mesangiospermae   5       0.2785
3 Magnoliidae       5       0.2785
4 Monocotyledoneae  5       0.2785
5 Eudicotyledoneae  5       0.2785


Performing maximum likelihood ASR (using rayDISC) with model ARDeq (character AndrewClustering_n5)...

State distribution in data:
States:	0	1	2	3	4	
Counts:	65	65	51	34	83	
Initializing... 
Finished. Beginning thorough search... 
Finished. Inferring ancestral states using marginal reconstruction. 

Fit
      -lnL      AIC     AICc ntax
 -467.8804 975.7608 978.7932  298

Rates
          0        1         2            3   4
0        NA 99.99352 100.00000 6.137680e+00 100
1  76.58476       NA 100.00000 4.310958e-09 100
2  84.26201 44.21832        NA 1.000000e+02 100
3 100.00000 60.47697 100.00000           NA 100
4  87.02437 86.34914   4.25128 8.141187e+01  NA

Arrived at a reliable solution 

Ancestral states for key nodes
  Node             1      2       3      4      5    
1 Angiospermae     0.2000 0.2000 0.2000 0.2000 0.2000
2 Mesangiospermae  0.2181 0.2181 0.1711 0.1141 0.2785
3 Magnoliidae      0.2181 0.2181 0.1711 0.1141 0.2785
4 Monocotyledoneae 0.2181 0.2181 0.1711 0.1141 0.2785
5 Eudicotyledoneae 0.2181 0.2181 0.1711 0.1141 0.2785

Summary: most likely state at key nodes
  Node             ML state Prob  
1 Angiospermae     1         0.2  
2 Mesangiospermae   5       0.2785
3 Magnoliidae       5       0.2785
4 Monocotyledoneae  5       0.2785
5 Eudicotyledoneae  5       0.2785


Performing maximum likelihood ASR (using rayDISC) with model ER (character AndrewClustering_n5)...

State distribution in data:
States:	0	1	2	3	4	
Counts:	65	65	51	34	83	
Initializing... 
Finished. Beginning thorough search... 
Finished. Inferring ancestral states using marginal reconstruction. 

Fit
      -lnL      AIC     AICc ntax
 -455.1656 912.3313 912.3448  298

Rates
            0           1           2           3           4
0          NA 0.003197566 0.003197566 0.003197566 0.003197566
1 0.003197566          NA 0.003197566 0.003197566 0.003197566
2 0.003197566 0.003197566          NA 0.003197566 0.003197566
3 0.003197566 0.003197566 0.003197566          NA 0.003197566
4 0.003197566 0.003197566 0.003197566 0.003197566          NA

Arrived at a reliable solution 

Ancestral states for key nodes
  Node             1      2       3      4      5    
1 Angiospermae     0.0330 0.1308 0.0108 0.0809 0.7445
2 Mesangiospermae  0.0188 0.1033 0.0014 0.0693 0.8071
3 Magnoliidae      0.0175 0.0717 0.0025 0.0598 0.8486
4 Monocotyledoneae 0.0331 0.1665 0.0083 0.1642 0.6280
5 Eudicotyledoneae 0.0204 0.0910 0.0018 0.0317 0.8552

Summary: most likely state at key nodes
  Node             ML state Prob  
1 Angiospermae      5       0.7445
2 Mesangiospermae   5       0.8071
3 Magnoliidae       5       0.8486
4 Monocotyledoneae  5       0.628 
5 Eudicotyledoneae  5       0.8552


Performing maximum likelihood ASR (using rayDISC) with model SYM (character AndrewClustering_n5)...

Rate matrix
   1  2  3  4  5
1 NA  1  2  3  4
2  1 NA  5  6  7
3  2  5 NA  8  9
4  3  6  8 NA 10
5  4  7  9 10 NA

State distribution in data:
States:	0	1	2	3	4	
Counts:	65	65	51	34	83	
Initializing... 
Finished. Beginning thorough search... 
Finished. Inferring ancestral states using marginal reconstruction. 

Fit
     -lnL     AIC     AICc ntax
 -446.498 912.996 913.7626  298

Rates
            0           1            2            3            4
0          NA 0.001939229 0.0011989702 0.0024136675 0.0059803612
1 0.001939229          NA 0.0068232869 0.0061705727 0.0047716410
2 0.001198970 0.006823287           NA 0.0009370407 0.0012785177
3 0.002413668 0.006170573 0.0009370407           NA 0.0009859099
4 0.005980361 0.004771641 0.0012785177 0.0009859099           NA

Arrived at a reliable solution 

Ancestral states for key nodes
  Node             1      2       3      4      5    
1 Angiospermae     0.0388 0.1744 0.0048 0.0797 0.7022
2 Mesangiospermae  0.0210 0.1585 0.0002 0.0687 0.7516
3 Magnoliidae      0.0330 0.1132 0.0006 0.0512 0.8021
4 Monocotyledoneae 0.0278 0.2838 0.0026 0.1712 0.5147
5 Eudicotyledoneae 0.0148 0.1251 0.0007 0.0241 0.8354

Summary: most likely state at key nodes
  Node             ML state Prob  
1 Angiospermae      5       0.7022
2 Mesangiospermae   5       0.7516
3 Magnoliidae       5       0.8021
4 Monocotyledoneae  5       0.5147
5 Eudicotyledoneae  5       0.8354


Performing maximum likelihood ASR (using rayDISC) with model SYMeq (character AndrewClustering_n5)...

Rate matrix
   1  2  3  4  5
1 NA  1  2  3  4
2  1 NA  5  6  7
3  2  5 NA  8  9
4  3  6  8 NA 10
5  4  7  9 10 NA

State distribution in data:
States:	0	1	2	3	4	
Counts:	65	65	51	34	83	
Initializing... 
Finished. Beginning thorough search... 
Finished. Inferring ancestral states using marginal reconstruction. 

Fit
     -lnL      AIC     AICc ntax
 -450.581 921.1621 921.9286  298

Rates
             0            1            2           3           4
0           NA 5.054723e-04 2.287848e-03 0.002545736 0.005979072
1 0.0005054723           NA 1.000000e+02 0.004333693 0.002954526
2 0.0022878481 1.000000e+02           NA 0.003132139 0.002983631
3 0.0025457364 4.333693e-03 3.132139e-03          NA 0.001209014
4 0.0059790718 2.954526e-03 2.983631e-03 0.001209014          NA

Arrived at a reliable solution 

Ancestral states for key nodes
  Node             1      2       3      4      5    
1 Angiospermae     0.0029 0.0055 0.0055 0.0077 0.9784
2 Mesangiospermae  0.0022 0.0042 0.0042 0.0070 0.9824
3 Magnoliidae      0.0085 0.0030 0.0030 0.0051 0.9803
4 Monocotyledoneae 0.0193 0.0715 0.0715 0.1440 0.6937
5 Eudicotyledoneae 0.0021 0.0041 0.0041 0.0027 0.9871

Summary: most likely state at key nodes
  Node             ML state Prob  
1 Angiospermae      5       0.9784
2 Mesangiospermae   5       0.9824
3 Magnoliidae       5       0.9803
4 Monocotyledoneae  5       0.6937
5 Eudicotyledoneae  5       0.9871


Summary table of model comparison
        Model LogL    Npar AIC    AICc   DeltaAICc w    q01     q02     q03    q04     q10     q12    
rates   ARD   -467.88 20   975.76 978.79 66.45     0.00 99.9935 1.0e+02 6.1377 1.0e+02 76.5848 1.0e+02
rates.1 ARDeq -467.88 20   975.76 978.79 66.45     0.00 99.9935 1.0e+02 6.1377 1.0e+02 76.5848 1.0e+02
rates.2 ER**  -455.17  1   912.33 912.34  0.00     0.67  0.0032 3.2e-03 0.0032 3.2e-03  0.0032 3.2e-03
rates.3 SYM   -446.50 10   913.00 913.76  1.42     0.33  0.0019 1.2e-03 0.0024 6.0e-03  0.0019 6.8e-03
rates.4 SYMeq -450.58 10   921.16 921.93  9.58     0.01  0.0005 2.3e-03 0.0025 6.0e-03  0.0005 1.0e+02
        q13    q14     q20     q21      q23     q24     q30     q31     q32     q34     q40     q41    
rates   0.0000 1.0e+02 84.2620  44.2183 1.0e+02 1.0e+02 1.0e+02 60.4770 1.0e+02 1.0e+02 87.0244 86.3491
rates.1 0.0000 1.0e+02 84.2620  44.2183 1.0e+02 1.0e+02 1.0e+02 60.4770 1.0e+02 1.0e+02 87.0244 86.3491
rates.2 0.0032 3.2e-03  0.0032   0.0032 3.2e-03 3.2e-03 3.2e-03  0.0032 3.2e-03 3.2e-03  0.0032  0.0032
rates.3 0.0062 4.8e-03  0.0012   0.0068 9.0e-04 1.3e-03 2.4e-03  0.0062 9.0e-04 1.0e-03  0.0060  0.0048
rates.4 0.0043 3.0e-03  0.0023 100.0000 3.1e-03 3.0e-03 2.5e-03  0.0043 3.1e-03 1.2e-03  0.0060  0.0030
        q42    q43    
rates   4.2513 81.4119
rates.1 4.2513 81.4119
rates.2 0.0032  0.0032
rates.3 0.0013  0.0010
rates.4 0.0030  0.0012

The best standard model found by AICc is ER

Most likely states at key nodes for best standard model (ER)
  Node             ML state Prob  
1 Angiospermae      5       0.7445
2 Mesangiospermae   5       0.8071
3 Magnoliidae       5       0.8486
4 Monocotyledoneae  5       0.628 
5 Eudicotyledoneae  5       0.8552

ASR plot output to ./ASR_DiveRS_clustering_2021-11-26_13-08/TreesByCharacter/ASR_DiveRS_clustering_charAndrewClustering_n5_fantree_ML.pdf


ASR plot output to ./ASR_DiveRS_clustering_2021-11-26_13-08/TreesByCharacter/ASR_DiveRS_clustering_charAndrewClustering_n5_fulltree_ML.pdf


SUMMARY: reconstructed ancestral states for this character

  Character           Node             MP state(s)     ML state Prob  
1                                                                     
2 AndrewClustering_n5                                                 
3 AndrewClustering_n5                                                 
4                     Angiospermae     1 / 2 /  4 /  5  5       0.7445
5                     Mesangiospermae    2 /  4 /  5    5       0.8071
6                     Magnoliidae           4 /  5      5       0.8486
7                     Monocotyledoneae   2 /  4 /  5    5       0.628 
8                     Eudicotyledoneae     2 /  5       5       0.8552



####################################################################################################


FINAL SUMMARY: reconstructed ancestral states for all characters

   Character           Node             MP state(s)     ML state Prob  
1                                                                      
2  AndrewClustering_n2                                                 
3                      Angiospermae     1 / 2           2        0.994 
4                      Mesangiospermae    2             2          1   
5                      Magnoliidae        2             2        0.9999
6                      Monocotyledoneae   2             2        0.9999
7                      Eudicotyledoneae   2             2          1   
8  AndrewClustering_n5                                                 
9                      Angiospermae     1 / 2 /  4 /  5  5       0.7445
10                     Mesangiospermae    2 /  4 /  5    5       0.8071
11                     Magnoliidae           4 /  5      5       0.8486
12                     Monocotyledoneae   2 /  4 /  5    5       0.628 
13                     Eudicotyledoneae     2 /  5       5       0.8552

All summary results output to ./ASR_DiveRS_clustering_2021-11-26_13-08/ASR_DiveRS_clustering.xlsx

